
############################################################
STARTING EXPERIMENT: LADDER
############################################################
Benchmark configuration: <cudaqghz.GHZ_CUDAQ object at 0x1548905939d0>

=== Running Benchmark: GHZ_CUDAQ ===
Method: ladder
Number of qubits: 5
----------------------------------------------
     в•ӯв”Җв”Җв”Җв•®                    
q0 : в”Ө h в”ңв”Җв”Җв—Ҹв”Җв”Җв”Җв”Җв”Җв”Җв”Җв”Җв”Җв”Җв”Җв”Җв”Җв”Җв”Җв”Җв”Җ
     в•°в”Җв”Җв”Җв•Ҝв•ӯв”Җв”ҙв”Җв•®               
q1 : в”Җв”Җв”Җв”Җв”Җв”Ө x в”ңв”Җв”Җв—Ҹв”Җв”Җв”Җв”Җв”Җв”Җв”Җв”Җв”Җв”Җв”Җв”Җ
          в•°в”Җв”Җв”Җв•Ҝв•ӯв”Җв”ҙв”Җв•®          
q2 : в”Җв”Җв”Җв”Җв”Җв”Җв”Җв”Җв”Җв”Җв”Ө x в”ңв”Җв”Җв—Ҹв”Җв”Җв”Җв”Җв”Җв”Җв”Җ
               в•°в”Җв”Җв”Җв•Ҝв•ӯв”Җв”ҙв”Җв•®     
q3 : в”Җв”Җв”Җв”Җв”Җв”Җв”Җв”Җв”Җв”Җв”Җв”Җв”Җв”Җв”Җв”Ө x в”ңв”Җв”Җв—Ҹв”Җв”Җ
                    в•°в”Җв”Җв”Җв•Ҝв•ӯв”Җв”ҙв”Җв•®
q4 : в”Җв”Җв”Җв”Җв”Җв”Җв”Җв”Җв”Җв”Җв”Җв”Җв”Җв”Җв”Җв”Җв”Җв”Җв”Җв”Җв”Ө x в”ң
                         в•°в”Җв”Җв”Җв•Ҝ

Ideal measurement distribution: { 00000:492 11111:508 }

Ideal score: 0.9999


Noise p = 0.0
    counts: {'00000': 507, '11111': 493}
    score: 1.0000

Noise p = 0.005
    counts: {'00000': 501, '11111': 499}
    score: 1.0000

Noise p = 0.02
    counts: {'00000': 513, '11111': 487}
    score: 0.9998

==============================================


############################################################
STARTING EXPERIMENT: STAR
############################################################
Benchmark configuration: <cudaqghz.GHZ_CUDAQ object at 0x1547bb1678b0>

=== Running Benchmark: GHZ_CUDAQ ===
Method: star
Number of qubits: 5
----------------------------------------------
     в•ӯв”Җв”Җв”Җв•®                    
q0 : в”Ө h в”ңв”Җв”Җв—Ҹв”Җв”Җв”Җв”Җв—Ҹв”Җв”Җв”Җв”Җв—Ҹв”Җв”Җв”Җв”Җв—Ҹв”Җв”Җ
     в•°в”Җв”Җв”Җв•Ҝв•ӯв”Җв”ҙв”Җв•®  в”Ӯ    в”Ӯ    в”Ӯ  
q1 : в”Җв”Җв”Җв”Җв”Җв”Ө x в”ңв”Җв”Җв”јв”Җв”Җв”Җв”Җв”јв”Җв”Җв”Җв”Җв”јв”Җв”Җ
          в•°в”Җв”Җв”Җв•Ҝв•ӯв”Җв”ҙв”Җв•®  в”Ӯ    в”Ӯ  
q2 : в”Җв”Җв”Җв”Җв”Җв”Җв”Җв”Җв”Җв”Җв”Ө x в”ңв”Җв”Җв”јв”Җв”Җв”Җв”Җв”јв”Җв”Җ
               в•°в”Җв”Җв”Җв•Ҝв•ӯв”Җв”ҙв”Җв•®  в”Ӯ  
q3 : в”Җв”Җв”Җв”Җв”Җв”Җв”Җв”Җв”Җв”Җв”Җв”Җв”Җв”Җв”Җв”Ө x в”ңв”Җв”Җв”јв”Җв”Җ
                    в•°в”Җв”Җв”Җв•Ҝв•ӯв”Җв”ҙв”Җв•®
q4 : в”Җв”Җв”Җв”Җв”Җв”Җв”Җв”Җв”Җв”Җв”Җв”Җв”Җв”Җв”Җв”Җв”Җв”Җв”Җв”Җв”Ө x в”ң
                         в•°в”Җв”Җв”Җв•Ҝ

Ideal measurement distribution: { 00000:507 11111:493 }

Ideal score: 1.0000


Noise p = 0.0
    counts: {'00000': 501, '11111': 499}
    score: 1.0000

Noise p = 0.005
    counts: {'00000': 476, '11111': 524}
    score: 0.9994

Noise p = 0.02
    counts: {'00000': 475, '11111': 525}
    score: 0.9994

==============================================


############################################################
STARTING EXPERIMENT: LOGDEPTH
############################################################
Benchmark configuration: <cudaqghz.GHZ_CUDAQ object at 0x1547bb167250>

=== Running Benchmark: GHZ_CUDAQ ===
Method: logdepth
Number of qubits: 5
----------------------------------------------
     в•ӯв”Җв”Җв”Җв•®               
q0 : в”Ө h в”ңв”Җв”Җв—Ҹв”Җв”Җв”Җв”Җв—Ҹв”Җв”Җв”Җв”Җв”Җв”Җв”Җ
     в•°в”Җв”Җв”Җв•Ҝ  в”Ӯ  в•ӯв”Җв”ҙв”Җв•®     
q1 : в”Җв”Җв”Җв”Җв”Җв”Җв”Җв”јв”Җв”Җв”Ө x в”ңв”Җв”Җв”Җв”Җв”Җ
          в•ӯв”Җв”ҙв”Җв•®в•°в”Җв”Җв”Җв•Ҝ     
q2 : в”Җв”Җв”Җв”Җв”Җв”Ө x в”ңв”Җв”Җв—Ҹв”Җв”Җв”Җв”Җв”Җв”Җв”Җ
          в•°в”Җв”Җв”Җв•Ҝв•ӯв”Җв”ҙв”Җв•®     
q3 : в”Җв”Җв”Җв”Җв”Җв”Җв”Җв”Җв”Җв”Җв”Ө x в”ңв”Җв”Җв—Ҹв”Җв”Җ
               в•°в”Җв”Җв”Җв•Ҝв•ӯв”Җв”ҙв”Җв•®
q4 : в”Җв”Җв”Җв”Җв”Җв”Җв”Җв”Җв”Җв”Җв”Җв”Җв”Җв”Җв”Җв”Ө x в”ң
                    в•°в”Җв”Җв”Җв•Ҝ

Ideal measurement distribution: { 00000:516 11111:484 }

Ideal score: 0.9997


Noise p = 0.0
    counts: {'00000': 475, '11111': 525}
    score: 0.9994

Noise p = 0.005
    counts: {'00000': 487, '11111': 513}
    score: 0.9998

Noise p = 0.02
    counts: {'00000': 492, '11111': 508}
    score: 0.9999

==============================================

	Command being timed: "python3 cudaqghzrun.py"
	User time (seconds): 0.94
	System time (seconds): 0.64
	Percent of CPU this job got: 54%
	Elapsed (wall clock) time (h:mm:ss or m:ss): 0:02.88
	Average shared text size (kbytes): 0
	Average unshared data size (kbytes): 0
	Average stack size (kbytes): 0
	Average total size (kbytes): 0
	Maximum resident set size (kbytes): 370132
	Average resident set size (kbytes): 0
	Major (requiring I/O) page faults: 0
	Minor (reclaiming a frame) page faults: 66052
	Voluntary context switches: 1832
	Involuntary context switches: 120
	Swaps: 0
	File system inputs: 0
	File system outputs: 8
	Socket messages sent: 0
	Socket messages received: 0
	Signals delivered: 0
	Page size (bytes): 4096
	Exit status: 0
