Benchmark configuration: <cudaqvanilla.QAOAVanillaProxy_CUDAQ object at 0x14cfaac8fbb0>

=== Running Benchmark: QAOAVanillaProxy_CUDAQ ===
Number of qubits: 3
Number of Hamiltonian terms: 3
Gamma: 2.351842421724926
Beta: 0.7896593633212056
----------------------------------------------
Ideal measurement distribution: {'011': 505, '100': 495}
Ideal score: 1.0000

Noise p = 0.0
    counts: {'011': 494, '100': 506}
    score: 1.0000

Noise p = 0.005
    counts: {'000': 5, '010': 5, '111': 2, '001': 4, '011': 489, '100': 483, '101': 4, '110': 8}
    score: 0.9813

Noise p = 0.02
    counts: {'000': 33, '010': 14, '111': 27, '001': 12, '011': 455, '100': 437, '101': 13, '110': 9}
    score: 0.9280

==============================================

init_params: [1.2082474983861162, 0.6668662338130139] <class 'list'>
init_params: [5.308383175794271, 3.2855376756286336] <class 'list'>
init_params: [0.16567727898388077, 0.5358374172527968] <class 'list'>
init_params: [5.282484012144231, 0.4440977148882739] <class 'list'>
init_params: [5.876520857798863, 1.5256203533724968] <class 'list'>
Benchmark configuration: <cudaqvanilla.QAOAVanillaProxy_CUDAQ object at 0x14ced585c100>

=== Running Benchmark: QAOAVanillaProxy_CUDAQ ===
Number of qubits: 4
Number of Hamiltonian terms: 6
Gamma: 0.24571466344974238
Beta: 1.288276836712225
----------------------------------------------
Ideal measurement distribution: {'1010': 137, '1001': 7, '1110': 26, '1101': 38, '0000': 107, '1000': 38, '0011': 133, '0001': 35, '0010': 26, '0100': 29, '1011': 26, '0110': 12, '1100': 112, '1111': 122, '0101': 130, '0111': 22}
Ideal score: 0.9903

Noise p = 0.0
    counts: {'1010': 140, '1001': 5, '1110': 27, '1101': 32, '0000': 134, '1000': 30, '0011': 92, '0001': 27, '0010': 37, '0100': 30, '1011': 24, '0110': 10, '1100': 113, '1111': 124, '0101': 142, '0111': 33}
    score: 0.9982

Noise p = 0.005
    counts: {'1010': 129, '1001': 9, '1110': 26, '1101': 31, '0000': 118, '1000': 24, '0011': 118, '0001': 36, '0010': 41, '0100': 29, '1011': 31, '0110': 8, '1100': 124, '1111': 120, '0101': 124, '0111': 32}
    score: 0.9889

Noise p = 0.02
    counts: {'1010': 116, '1001': 13, '1110': 39, '1101': 43, '0000': 126, '1000': 42, '0011': 108, '0001': 26, '0010': 34, '0100': 39, '1011': 38, '0110': 7, '1100': 116, '1111': 106, '0101': 104, '0111': 43}
    score: 0.9416

==============================================

init_params: [3.1969232118730875, 1.7340677161540476] <class 'list'>
init_params: [1.9858029662743057, 1.2620177520340194] <class 'list'>
init_params: [0.33146775214112445, 3.966012203135353] <class 'list'>
init_params: [4.907405899287257, 4.3216305395972565] <class 'list'>
init_params: [3.7817781365947263, 4.869245491893152] <class 'list'>
Benchmark configuration: <cudaqvanilla.QAOAVanillaProxy_CUDAQ object at 0x14ceae0c1600>

=== Running Benchmark: QAOAVanillaProxy_CUDAQ ===
Number of qubits: 5
Number of Hamiltonian terms: 10
Gamma: 1.8450544388057426
Beta: 1.143434152360996
----------------------------------------------
Ideal measurement distribution: {'11010': 59, '00011': 2, '01100': 133, '10011': 121, '00000': 7, '01001': 8, '00100': 36, '01011': 12, '00101': 48, '01000': 3, '11001': 1, '11101': 1, '01110': 134, '01010': 36, '01101': 32, '11110': 40, '01111': 2, '11111': 6, '10101': 32, '00010': 10, '00001': 39, '11011': 39, '00111': 3, '11100': 2, '10001': 140, '10010': 33, '10100': 8, '10110': 6, '10000': 4, '10111': 2, '11000': 1}
Ideal score: 0.9919

Noise p = 0.0
    counts: {'11100': 1, '00111': 2, '00000': 6, '01001': 9, '00100': 39, '01011': 5, '00101': 53, '10101': 25, '00110': 3, '11111': 11, '01000': 1, '01101': 39, '01110': 126, '01010': 38, '11110': 34, '01111': 2, '00011': 2, '01100': 130, '10011': 120, '00010': 11, '00001': 44, '10001': 133, '10010': 26, '10100': 6, '10110': 15, '10111': 1, '11000': 2, '11101': 5, '11001': 1, '11010': 69, '11011': 41}
    score: 0.9952

Noise p = 0.005
    counts: {'11010': 53, '11001': 3, '11101': 8, '00000': 8, '01001': 8, '00100': 44, '01011': 9, '00101': 59, '10101': 35, '00110': 4, '11111': 4, '01000': 5, '01101': 42, '01110': 120, '01010': 32, '11110': 37, '01111': 5, '00011': 5, '01100': 123, '10011': 128, '00010': 6, '00001': 42, '11011': 40, '00111': 1, '11100': 6, '10001': 112, '10010': 34, '10100': 8, '10110': 8, '10000': 2, '10111': 7, '11000': 2}
    score: 0.9732

Noise p = 0.02
    counts: {'11010': 49, '11001': 8, '11101': 7, '00000': 10, '01001': 12, '00100': 35, '01011': 10, '00101': 58, '10101': 40, '00110': 9, '11111': 9, '01000': 8, '01101': 35, '01110': 105, '01010': 39, '11110': 31, '01111': 7, '00011': 6, '01100': 110, '10011': 107, '00010': 12, '00001': 38, '11011': 33, '00111': 4, '11100': 9, '10001': 124, '10010': 33, '10100': 15, '10110': 15, '10000': 8, '10111': 8, '11000': 6}
    score: 0.9152

==============================================

	Command being timed: "python3 cudaqvanillarun.py"
	User time (seconds): 63.52
	System time (seconds): 3.34
	Percent of CPU this job got: 76%
	Elapsed (wall clock) time (h:mm:ss or m:ss): 1:27.06
	Average shared text size (kbytes): 0
	Average unshared data size (kbytes): 0
	Average stack size (kbytes): 0
	Average total size (kbytes): 0
	Maximum resident set size (kbytes): 611808
	Average resident set size (kbytes): 0
	Major (requiring I/O) page faults: 1
	Minor (reclaiming a frame) page faults: 312963
	Voluntary context switches: 100407
	Involuntary context switches: 700
	Swaps: 0
	File system inputs: 8
	File system outputs: 8
	Socket messages sent: 0
	Socket messages received: 0
	Signals delivered: 0
	Page size (bytes): 4096
	Exit status: 0
