Loaded benchmark: <cudaqhamiltonian.HamiltonianSimulation_CUDAQ object at 0x14c6460973a0>
4

=== Running Benchmark: HamiltonianSimulation_CUDAQ ===
     ╭───╮╭────────────╮╭───╮                                                »
q0 : ┤ h ├┤ rz(-2.356) ├┤ h ├──●──────────────────●──────────────────────────»
     ├───┤├────────────┤├───┤╭─┴─╮╭────────────╮╭─┴─╮                        »
q1 : ┤ h ├┤ rz(-2.356) ├┤ h ├┤ x ├┤ rz(-1.571) ├┤ x ├──●──────────────────●──»
     ├───┤├────────────┤├───┤╰───╯╰────────────╯╰───╯╭─┴─╮╭────────────╮╭─┴─╮»
q2 : ┤ h ├┤ rz(-2.356) ├┤ h ├────────────────────────┤ x ├┤ rz(-1.571) ├┤ x ├»
     ├───┤├────────────┤├───┤                        ╰───╯╰────────────╯╰───╯»
q3 : ┤ h ├┤ rz(-2.356) ├┤ h ├────────────────────────────────────────────────»
     ╰───╯╰────────────╯╰───╯                                                »

################################################################################

                        
────────────────────────
                        
────────────────────────
                        
──●──────────────────●──
╭─┴─╮╭────────────╮╭─┴─╮
┤ x ├┤ rz(-1.571) ├┤ x ├
╰───╯╰────────────╯╰───╯

Num qubits        : 4
Time step (dt)    : 1
Total time (T)    : 1
----------------------------------------------
Ideal measurement distribution: Counter({'1111': 1061, '1101': 211, '1110': 191, '0111': 181, '1011': 165, '1001': 36, '1100': 32, '0101': 27, '1010': 27, '0011': 25, '0110': 23, '0010': 8, '0100': 6, '1000': 4, '0001': 2, '0000': 1})
Ideal score: 0.8940

Noise p = 0.0
    counts: Counter({'1111': 1064, '1011': 195, '0111': 194, '1101': 184, '1110': 178, '0101': 36, '1001': 30, '0110': 26, '0011': 26, '1010': 25, '1100': 25, '1000': 6, '0010': 5, '0100': 3, '0001': 3})
    score:  0.8578

Noise p = 0.005
    counts: Counter({'1111': 1032, '1011': 202, '1101': 185, '0111': 184, '1110': 161, '0101': 40, '0011': 39, '1010': 36, '0110': 33, '1100': 30, '1001': 28, '0100': 11, '0001': 6, '0010': 6, '1000': 5, '0000': 2})
    score:  0.8455

Noise p = 0.02
    counts: Counter({'1111': 906, '1101': 219, '0111': 212, '1011': 193, '1110': 181, '0101': 60, '1001': 49, '0110': 44, '1100': 37, '0011': 36, '1010': 34, '0010': 9, '0001': 8, '1000': 6, '0100': 5, '0000': 1})
    score:  0.8234

==============================================

Loaded benchmark: <cudaqhamiltonian.HamiltonianSimulation_CUDAQ object at 0x14c570c7a200>
4

=== Running Benchmark: HamiltonianSimulation_CUDAQ ===
     ╭───╮╭────────────╮╭───╮                                                »
q0 : ┤ h ├┤ rz(-7.069) ├┤ h ├──●──────────────────●──────────────────────────»
     ├───┤├────────────┤├───┤╭─┴─╮╭────────────╮╭─┴─╮                        »
q1 : ┤ h ├┤ rz(-7.069) ├┤ h ├┤ x ├┤ rz(-4.712) ├┤ x ├──●──────────────────●──»
     ├───┤├────────────┤├───┤╰───╯╰────────────╯╰───╯╭─┴─╮╭────────────╮╭─┴─╮»
q2 : ┤ h ├┤ rz(-7.069) ├┤ h ├────────────────────────┤ x ├┤ rz(-4.712) ├┤ x ├»
     ├───┤├────────────┤├───┤                        ╰───╯╰────────────╯╰───╯»
q3 : ┤ h ├┤ rz(-7.069) ├┤ h ├────────────────────────────────────────────────»
     ╰───╯╰────────────╯╰───╯                                                »

################################################################################

                        
────────────────────────
                        
────────────────────────
                        
──●──────────────────●──
╭─┴─╮╭────────────╮╭─┴─╮
┤ x ├┤ rz(-4.712) ├┤ x ├
╰───╯╰────────────╯╰───╯

Num qubits        : 4
Time step (dt)    : 3
Total time (T)    : 3
----------------------------------------------
Ideal measurement distribution: Counter({'0000': 1045, '1000': 210, '0001': 194, '0100': 181, '0010': 181, '0101': 33, '0011': 33, '0110': 29, '1100': 27, '1001': 26, '1010': 23, '0111': 7, '1011': 5, '1110': 4, '1101': 2})
Ideal score: 0.8548

Noise p = 0.0
    counts: Counter({'0000': 1083, '1000': 192, '0010': 185, '0001': 157, '0100': 157, '1100': 41, '1001': 36, '0101': 33, '0011': 33, '1010': 32, '0110': 28, '1101': 9, '1011': 6, '0111': 4, '1110': 4})
    score:  0.8542

Noise p = 0.005
    counts: Counter({'0000': 987, '0001': 202, '0010': 199, '0100': 192, '1000': 185, '0101': 39, '1001': 37, '0110': 35, '0011': 34, '1010': 33, '1100': 25, '1110': 10, '0111': 8, '1011': 6, '1101': 6, '1111': 2})
    score:  0.8397

Noise p = 0.02
    counts: Counter({'0000': 919, '0010': 210, '0100': 209, '1000': 197, '0001': 188, '0101': 48, '1010': 44, '0110': 39, '1001': 38, '1100': 38, '0011': 34, '1110': 10, '1011': 9, '0111': 8, '1101': 6, '1111': 3})
    score:  0.8254

==============================================

Loaded benchmark: <cudaqhamiltonian.HamiltonianSimulation_CUDAQ object at 0x14c570c3cfa0>
7

=== Running Benchmark: HamiltonianSimulation_CUDAQ ===
     ╭───╮╭────────────╮╭───╮                                                »
q0 : ┤ h ├┤ rz(-2.356) ├┤ h ├──●──────────────────●──────────────────────────»
     ├───┤├────────────┤├───┤╭─┴─╮╭────────────╮╭─┴─╮                        »
q1 : ┤ h ├┤ rz(-2.356) ├┤ h ├┤ x ├┤ rz(-1.571) ├┤ x ├──●──────────────────●──»
     ├───┤├────────────┤├───┤╰───╯╰────────────╯╰───╯╭─┴─╮╭────────────╮╭─┴─╮»
q2 : ┤ h ├┤ rz(-2.356) ├┤ h ├────────────────────────┤ x ├┤ rz(-1.571) ├┤ x ├»
     ├───┤├────────────┤├───┤                        ╰───╯╰────────────╯╰───╯»
q3 : ┤ h ├┤ rz(-2.356) ├┤ h ├────────────────────────────────────────────────»
     ├───┤├────────────┤├───┤                                                »
q4 : ┤ h ├┤ rz(-2.356) ├┤ h ├────────────────────────────────────────────────»
     ├───┤├────────────┤├───┤                                                »
q5 : ┤ h ├┤ rz(-2.356) ├┤ h ├────────────────────────────────────────────────»
     ├───┤├────────────┤├───┤                                                »
q6 : ┤ h ├┤ rz(-2.356) ├┤ h ├────────────────────────────────────────────────»
     ╰───╯╰────────────╯╰───╯                                                »

################################################################################

                                                                             »
─────────────────────────────────────────────────────────────────────────────»
                                                                             »
─────────────────────────────────────────────────────────────────────────────»
                                                                             »
──●──────────────────●───────────────────────────────────────────────────────»
╭─┴─╮╭────────────╮╭─┴─╮                                                     »
┤ x ├┤ rz(-1.571) ├┤ x ├──●──────────────────●───────────────────────────────»
╰───╯╰────────────╯╰───╯╭─┴─╮╭────────────╮╭─┴─╮                             »
────────────────────────┤ x ├┤ rz(-1.571) ├┤ x ├──●──────────────────●───────»
                        ╰───╯╰────────────╯╰───╯╭─┴─╮╭────────────╮╭─┴─╮     »
────────────────────────────────────────────────┤ x ├┤ rz(-1.571) ├┤ x ├──●──»
                                                ╰───╯╰────────────╯╰───╯╭─┴─╮»
────────────────────────────────────────────────────────────────────────┤ x ├»
                                                                        ╰───╯»

################################################################################

                   
───────────────────
                   
───────────────────
                   
───────────────────
                   
───────────────────
                   
───────────────────
                   
────────────────●──
╭────────────╮╭─┴─╮
┤ rz(-1.571) ├┤ x ├
╰────────────╯╰───╯

Num qubits        : 7
Time step (dt)    : 1
Total time (T)    : 1
----------------------------------------------
Ideal measurement distribution: Counter({'1111111': 645, '1111011': 125, '1111101': 124, '0111111': 116, '1110111': 110, '1111110': 108, '1101111': 107, '1011111': 103, '1111100': 27, '1011101': 26, '1010111': 26, '1110101': 25, '1001111': 25, '1110011': 22, '1110110': 22, '0011111': 21, '1101101': 20, '1111001': 20, '0111011': 20, '1011011': 20, '0101111': 20, '0111101': 19, '1101110': 19, '1101011': 18, '1011110': 18, '0111110': 17, '1100111': 16, '0110111': 15, '1111010': 12, '1110001': 8, '1010110': 7, '1100110': 5, '1000111': 5, '1011010': 5, '0110011': 4, '0011101': 4, '1010101': 4, '0110101': 4, '0010111': 4, '1101010': 4, '0111010': 4, '0101011': 4, '0001111': 4, '1001011': 4, '1001110': 4, '1110100': 4, '1011001': 4, '0110110': 3, '1011000': 3, '0101101': 3, '0101110': 3, '1110010': 3, '1010011': 3, '1001101': 2, '0111001': 2, '1101001': 2, '1001010': 2, '0101010': 2, '0111100': 2, '1001100': 2, '0001011': 1, '0100011': 1, '1011100': 1, '0001101': 1, '1001001': 1, '0100101': 1, '1110000': 1, '0001110': 1, '1111000': 1, '1100011': 1, '0100111': 1, '1100101': 1, '0011110': 1, '1100010': 1, '1100001': 1, '1100100': 1, '1000010': 1, '1000101': 1, '1101100': 1, '1010001': 1})
Ideal score: 0.8519

Noise p = 0.0
    counts: Counter({'1111111': 647, '0111111': 152, '1111011': 131, '1011111': 121, '1101111': 113, '1110111': 107, '1111101': 99, '1111110': 98, '1001111': 29, '1011110': 27, '1010111': 26, '0111101': 24, '1111100': 23, '0111110': 23, '1101110': 22, '0101111': 21, '1011011': 21, '0011111': 20, '1011101': 19, '1111010': 17, '1101011': 17, '1111001': 16, '1110101': 15, '1101101': 15, '1100111': 15, '1110011': 15, '0111011': 14, '0110111': 14, '1110110': 8, '0011011': 8, '0100111': 6, '1010011': 5, '0010111': 5, '1001011': 5, '0111100': 5, '1001101': 4, '1010101': 4, '0110101': 4, '0111001': 4, '0101101': 4, '1000111': 4, '1001110': 4, '0110011': 3, '0011101': 3, '0001111': 3, '1110010': 3, '1110100': 3, '1111000': 3, '1110001': 3, '1101100': 3, '1011100': 2, '0011110': 2, '0101001': 2, '1001010': 2, '0111010': 2, '0101011': 2, '1011000': 2, '0110110': 2, '1011001': 2, '1010110': 2, '1101000': 2, '0101110': 2, '0000111': 1, '1001001': 1, '1101001': 1, '1100011': 1, '0111000': 1, '1101010': 1, '1011010': 1, '1100101': 1, '1100110': 1, '0010110': 1, '1110000': 1, '1100000': 1, '0001011': 1, '0101100': 1, '0010011': 1, '0010010': 1, '0001110': 1, '0100110': 1, '0101010': 1, '0001100': 1, '1100100': 1})
    score:  0.8541

Noise p = 0.005
    counts: Counter({'1111111': 627, '1110111': 134, '1101111': 122, '0111111': 120, '1011111': 119, '1111101': 106, '1111110': 99, '1111011': 97, '1111001': 31, '1010111': 29, '1110110': 26, '0111110': 25, '0111011': 25, '1001111': 23, '0011111': 23, '1011101': 21, '1100111': 21, '1110101': 21, '1011011': 20, '1101101': 20, '1101011': 19, '1101110': 19, '1111010': 19, '1110011': 17, '1011110': 17, '0110111': 17, '0101111': 15, '0111101': 14, '1111100': 11, '1001110': 9, '0110011': 7, '1011001': 7, '1101100': 7, '0111001': 7, '1100011': 6, '0101011': 5, '1010011': 5, '1111000': 5, '1110010': 5, '1011010': 5, '1100101': 4, '1001011': 4, '1000111': 4, '1010101': 4, '1101001': 3, '0011011': 3, '1001101': 3, '0100111': 3, '1100110': 3, '0110110': 3, '1110001': 3, '0010111': 3, '0111010': 3, '0110101': 3, '1011100': 3, '0011101': 2, '1101010': 2, '0101110': 2, '0011110': 2, '0001110': 2, '0001011': 2, '1000001': 1, '0000111': 1, '0101001': 1, '0110000': 1, '0001111': 1, '1100010': 1, '0010110': 1, '1010001': 1, '0101100': 1, '0100011': 1, '1110100': 1, '0111000': 1, '0101101': 1, '1001001': 1})
    score:  0.6506

Noise p = 0.02
    counts: Counter({'1111111': 487, '1111011': 123, '1011111': 113, '1101111': 111, '1111101': 109, '1111110': 106, '1110111': 104, '0111111': 97, '0111011': 34, '1101110': 32, '0111110': 32, '0011111': 30, '0111101': 28, '1110101': 27, '1011011': 27, '1010111': 26, '1111001': 25, '1001111': 25, '0101111': 24, '1110011': 24, '0110111': 24, '1111010': 24, '1011101': 23, '1100111': 22, '1111100': 22, '1101011': 21, '1011110': 19, '1101101': 16, '1110110': 13, '0110011': 9, '1001011': 9, '0101101': 9, '1100110': 9, '0101011': 8, '1010011': 8, '1011100': 7, '1011001': 7, '0100111': 7, '1000111': 7, '1011010': 7, '1100011': 7, '1110010': 7, '1010101': 6, '1001101': 6, '1110001': 6, '0011110': 6, '0111100': 6, '1010110': 6, '0011101': 6, '0110110': 6, '1101001': 5, '1100101': 5, '1110100': 4, '1000011': 4, '1001110': 4, '1101100': 4, '1111000': 4, '0100011': 3, '0110101': 3, '0100101': 3, '0111001': 3, '1101010': 3, '0011010': 3, '0001111': 3, '1000110': 3, '0111010': 2, '1010001': 2, '0001011': 2, '0011011': 2, '1001100': 2, '0101110': 2, '0110100': 2, '1010100': 2, '1100001': 1, '0110010': 1, '0001010': 1, '0011001': 1, '0010010': 1, '0010111': 1, '1100000': 1, '0000111': 1, '0010011': 1, '1001010': 1, '1100100': 1, '0110001': 1, '1010010': 1})
    score:  0.8954

==============================================

Loaded benchmark: <cudaqhamiltonian.HamiltonianSimulation_CUDAQ object at 0x14c570c49030>
7

=== Running Benchmark: HamiltonianSimulation_CUDAQ ===
     ╭───╮╭────────────╮╭───╮                                                »
q0 : ┤ h ├┤ rz(-7.069) ├┤ h ├──●──────────────────●──────────────────────────»
     ├───┤├────────────┤├───┤╭─┴─╮╭────────────╮╭─┴─╮                        »
q1 : ┤ h ├┤ rz(-7.069) ├┤ h ├┤ x ├┤ rz(-4.712) ├┤ x ├──●──────────────────●──»
     ├───┤├────────────┤├───┤╰───╯╰────────────╯╰───╯╭─┴─╮╭────────────╮╭─┴─╮»
q2 : ┤ h ├┤ rz(-7.069) ├┤ h ├────────────────────────┤ x ├┤ rz(-4.712) ├┤ x ├»
     ├───┤├────────────┤├───┤                        ╰───╯╰────────────╯╰───╯»
q3 : ┤ h ├┤ rz(-7.069) ├┤ h ├────────────────────────────────────────────────»
     ├───┤├────────────┤├───┤                                                »
q4 : ┤ h ├┤ rz(-7.069) ├┤ h ├────────────────────────────────────────────────»
     ├───┤├────────────┤├───┤                                                »
q5 : ┤ h ├┤ rz(-7.069) ├┤ h ├────────────────────────────────────────────────»
     ├───┤├────────────┤├───┤                                                »
q6 : ┤ h ├┤ rz(-7.069) ├┤ h ├────────────────────────────────────────────────»
     ╰───╯╰────────────╯╰───╯                                                »

################################################################################

                                                                             »
─────────────────────────────────────────────────────────────────────────────»
                                                                             »
─────────────────────────────────────────────────────────────────────────────»
                                                                             »
──●──────────────────●───────────────────────────────────────────────────────»
╭─┴─╮╭────────────╮╭─┴─╮                                                     »
┤ x ├┤ rz(-4.712) ├┤ x ├──●──────────────────●───────────────────────────────»
╰───╯╰────────────╯╰───╯╭─┴─╮╭────────────╮╭─┴─╮                             »
────────────────────────┤ x ├┤ rz(-4.712) ├┤ x ├──●──────────────────●───────»
                        ╰───╯╰────────────╯╰───╯╭─┴─╮╭────────────╮╭─┴─╮     »
────────────────────────────────────────────────┤ x ├┤ rz(-4.712) ├┤ x ├──●──»
                                                ╰───╯╰────────────╯╰───╯╭─┴─╮»
────────────────────────────────────────────────────────────────────────┤ x ├»
                                                                        ╰───╯»

################################################################################

                   
───────────────────
                   
───────────────────
                   
───────────────────
                   
───────────────────
                   
───────────────────
                   
────────────────●──
╭────────────╮╭─┴─╮
┤ rz(-4.712) ├┤ x ├
╰────────────╯╰───╯

Num qubits        : 7
Time step (dt)    : 3
Total time (T)    : 3
----------------------------------------------
Ideal measurement distribution: Counter({'0000000': 664, '0000001': 131, '0000010': 126, '0000100': 123, '1000000': 107, '0100000': 104, '0001000': 100, '0010000': 91, '0100010': 27, '0001001': 27, '1000001': 25, '0000011': 24, '1001000': 24, '0101000': 23, '0001010': 22, '0010010': 21, '1100000': 21, '0001100': 20, '1010000': 20, '0110000': 20, '0100001': 19, '0000110': 17, '1000010': 17, '0000101': 16, '0010100': 15, '0100100': 15, '0011000': 15, '0010001': 12, '1000100': 11, '1000101': 7, '0100101': 6, '0010110': 6, '0100011': 6, '0101010': 6, '0011001': 5, '1001001': 5, '0011100': 5, '1100010': 5, '0001011': 4, '0101001': 4, '1000110': 4, '0110100': 4, '1010100': 4, '0010101': 4, '1101000': 4, '0101100': 4, '0001110': 3, '1010001': 3, '1001010': 3, '0001101': 3, '1000011': 3, '1100001': 3, '1011001': 3, '0111000': 3, '0011010': 2, '1100100': 2, '0010011': 2, '1001011': 2, '1110000': 2, '0110011': 2, '1110001': 2, '1010010': 2, '0110010': 2, '0100110': 2, '0011110': 1, '0110001': 1, '0111010': 1, '1011010': 1, '0011011': 1, '0001111': 1, '0100111': 1, '0111101': 1, '0000111': 1, '0011101': 1, '1001101': 1, '1010101': 1, '1001100': 1, '1000111': 1, '1101011': 1, '1110100': 1})
Ideal score: 0.9469

Noise p = 0.0
    counts: Counter({'0000000': 676, '0010000': 133, '0000100': 117, '0000010': 113, '0000001': 108, '0001000': 107, '0100000': 107, '1000000': 100, '0010100': 29, '1100000': 25, '1000010': 22, '1000001': 22, '0000110': 21, '0010010': 20, '1001000': 20, '0100100': 19, '1000100': 18, '1010000': 18, '0010001': 17, '0000101': 17, '0110000': 17, '0100001': 16, '0001001': 16, '0001100': 16, '0100010': 15, '0101000': 14, '0011000': 14, '0001010': 13, '0000011': 12, '0011001': 10, '1000110': 7, '1100010': 7, '0110010': 6, '1101000': 6, '0111000': 5, '1010100': 5, '0101100': 5, '0110001': 4, '0110100': 4, '1010001': 4, '1100100': 4, '1001001': 4, '0010110': 4, '1000101': 4, '1100001': 4, '0001110': 3, '0011010': 3, '0100110': 3, '1001010': 3, '1101001': 3, '1001101': 3, '0100011': 3, '0010101': 3, '1100011': 3, '1110000': 3, '1000011': 3, '0011100': 3, '1001110': 2, '1011010': 2, '0100101': 2, '0010011': 2, '0001111': 2, '0001101': 2, '0101101': 2, '1001100': 2, '1010010': 2, '1101110': 1, '1101100': 1, '0110111': 1, '0110110': 1, '0111010': 1, '1010110': 1, '1011000': 1, '0111001': 1, '0110011': 1, '0101011': 1, '0000111': 1, '0011101': 1, '0111100': 1, '1010101': 1, '0001011': 1, '0010111': 1, '1101010': 1, '1000111': 1, '0011110': 1, '0101001': 1, '1110010': 1})
    score:  0.9247

Noise p = 0.005
    counts: Counter({'0000000': 622, '0001000': 136, '0100000': 131, '0000010': 123, '0010000': 122, '0000100': 111, '0000001': 110, '1000000': 91, '0000101': 27, '0000011': 26, '0100010': 25, '0110000': 23, '0001100': 22, '1001000': 22, '0010001': 21, '1000100': 19, '1000010': 19, '0000110': 18, '0011000': 18, '0101000': 18, '0010100': 18, '1000001': 18, '0100001': 17, '1100000': 17, '0001010': 17, '0001001': 16, '0010010': 16, '0100100': 16, '1010000': 12, '1101000': 9, '1010001': 6, '0110100': 6, '0100011': 6, '0010011': 6, '1000011': 6, '1000101': 5, '0000111': 5, '1001100': 5, '1100010': 5, '1100001': 5, '0100101': 4, '1100100': 4, '1001010': 4, '0101011': 3, '1011000': 3, '1110000': 3, '0010110': 3, '0011011': 3, '0001011': 3, '0001101': 3, '0111000': 3, '0011100': 3, '0101001': 2, '1000110': 2, '1010110': 2, '0100110': 2, '0101100': 2, '1010010': 2, '0001110': 2, '1101010': 2, '1110100': 2, '0111100': 2, '0010101': 2, '1010100': 2, '0110101': 2, '0101010': 2, '0011110': 1, '0110001': 1, '0110110': 1, '0111010': 1, '0011010': 1, '1011001': 1, '1101001': 1, '1100101': 1, '1011011': 1, '1001011': 1, '0011001': 1, '1100011': 1, '1111000': 1, '0110011': 1, '1001101': 1, '1010101': 1, '1011101': 1, '1110001': 1})
    score:  0.8490

Noise p = 0.02
    counts: Counter({'0000000': 495, '0000010': 134, '0001000': 125, '0000100': 117, '0000001': 111, '0100000': 111, '1000000': 102, '0010000': 92, '0000110': 31, '0010010': 30, '1000001': 29, '0011000': 26, '0001100': 26, '0100010': 25, '0100100': 25, '1100000': 24, '0100001': 23, '0001010': 23, '0010001': 23, '1000100': 23, '0010100': 23, '1010000': 23, '0101000': 22, '1000010': 21, '1001000': 21, '0001001': 21, '0000011': 21, '0000101': 21, '0110000': 15, '1010010': 9, '0110100': 9, '0111000': 8, '1010100': 8, '0101100': 8, '0100101': 8, '1101000': 8, '0011001': 7, '0001110': 6, '1001001': 6, '0100011': 6, '0001011': 6, '0101010': 5, '1000101': 5, '0010110': 5, '1110000': 5, '1101100': 4, '0011010': 4, '0101001': 4, '1100010': 4, '0000111': 4, '1011000': 4, '1100001': 4, '0001101': 4, '1100100': 4, '1001100': 4, '0101110': 3, '1000110': 3, '0100110': 3, '0110010': 3, '0011100': 3, '1101010': 3, '0010011': 3, '0011111': 3, '0110001': 3, '1001010': 3, '0010101': 2, '1010001': 2, '1000111': 2, '1110001': 2, '0011101': 2, '0001111': 2, '1001101': 2, '1000011': 2, '1110101': 2, '1011110': 1, '1101110': 1, '1001110': 1, '0110111': 1, '1100110': 1, '0111010': 1, '1110010': 1, '0011110': 1, '0111100': 1, '1110100': 1, '1011001': 1, '0101111': 1, '1001011': 1, '1100011': 1, '1111000': 1, '0110011': 1, '1010101': 1, '0010111': 1, '1100111': 1, '1011100': 1})
    score:  0.8221

==============================================

	Command being timed: "python3 cudaqhamiltonianrun.py"
	User time (seconds): 4.27
	System time (seconds): 0.75
	Percent of CPU this job got: 23%
	Elapsed (wall clock) time (h:mm:ss or m:ss): 0:21.21
	Average shared text size (kbytes): 0
	Average unshared data size (kbytes): 0
	Average stack size (kbytes): 0
	Average total size (kbytes): 0
	Maximum resident set size (kbytes): 394764
	Average resident set size (kbytes): 0
	Major (requiring I/O) page faults: 52
	Minor (reclaiming a frame) page faults: 84922
	Voluntary context switches: 7245
	Involuntary context switches: 642
	Swaps: 0
	File system inputs: 258744
	File system outputs: 8
	Socket messages sent: 0
	Socket messages received: 0
	Signals delivered: 0
	Page size (bytes): 4096
	Exit status: 0
