Benchmark configuration: <cudaqvqe.VQEProxy_CUDAQ object at 0x14aba408fac0>

=== Running Benchmark: VQEProxy_CUDAQ ===
Number of qubits: 3
Number of layers: 1
----------------------------------------------
Ideal Z-basis measurement distribution: {'000': 813, '010': 42, '111': 1, '100': 56, '110': 16, '001': 60, '101': 4, '011': 8}
Ideal X-basis measurement distribution: {'000': 468, '010': 129, '111': 14, '100': 104, '110': 63, '001': 155, '101': 31, '011': 36}
Ideal score: 0.9853

Noise p = 0.0
    Z counts: {'000': 810, '010': 58, '100': 54, '110': 17, '001': 56, '101': 3, '011': 2}
    X counts: {'000': 454, '010': 112, '111': 21, '100': 113, '110': 66, '001': 141, '101': 45, '011': 48}
    score: 0.9974

Noise p = 0.005
    Z counts: {'000': 811, '010': 49, '111': 3, '100': 57, '110': 15, '001': 53, '101': 8, '011': 4}
    X counts: {'000': 440, '010': 126, '111': 22, '100': 102, '110': 57, '001': 149, '101': 52, '011': 52}
    score: 0.9948

Noise p = 0.02
    Z counts: {'000': 731, '010': 69, '111': 21, '100': 71, '110': 29, '001': 67, '101': 5, '011': 7}
    X counts: {'000': 384, '010': 141, '111': 22, '100': 158, '110': 65, '001': 143, '101': 49, '011': 38}
    score: 0.9493

==============================================

Benchmark configuration: <cudaqvqe.VQEProxy_CUDAQ object at 0x14aacebd0340>

=== Running Benchmark: VQEProxy_CUDAQ ===
Number of qubits: 4
Number of layers: 1
----------------------------------------------
Ideal Z-basis measurement distribution: {'0101': 7, '0111': 2, '0000': 738, '1000': 61, '0100': 40, '0010': 55, '1010': 3, '0110': 14, '0011': 3, '1110': 3, '1100': 10, '0001': 58, '1011': 1, '1001': 5}
Ideal X-basis measurement distribution: {'0101': 26, '1001': 35, '0111': 7, '1011': 5, '0000': 371, '0001': 107, '1100': 32, '1000': 101, '0100': 91, '0010': 118, '1101': 5, '0110': 39, '0011': 27, '1111': 4, '1010': 16, '1110': 16}
Ideal score: 0.9881

Noise p = 0.0
    Z counts: {'0000': 742, '1100': 14, '1000': 60, '0100': 45, '0010': 58, '1101': 2, '1010': 2, '0110': 19, '0011': 2, '0001': 49, '1001': 1, '0101': 4, '0111': 2}
    X counts: {'0101': 30, '1001': 39, '0111': 11, '1011': 10, '0000': 370, '0001': 138, '1100': 19, '1000': 106, '0100': 70, '0010': 85, '1101': 9, '0110': 31, '0011': 34, '1111': 4, '1010': 20, '1110': 24}
    score: 0.9931

Noise p = 0.005
    Z counts: {'0101': 9, '0111': 4, '0000': 689, '1000': 64, '0100': 61, '0010': 58, '1101': 1, '1010': 7, '0110': 16, '0011': 9, '1110': 3, '1100': 5, '0001': 68, '1001': 6}
    X counts: {'0101': 25, '1001': 37, '0111': 13, '1011': 14, '0000': 351, '0001': 115, '1100': 32, '1000': 87, '0100': 86, '0010': 89, '1101': 10, '0110': 44, '0011': 36, '1111': 10, '1010': 31, '1110': 20}
    score: 0.9669

Noise p = 0.02
    Z counts: {'0101': 11, '1001': 1, '0111': 7, '1011': 2, '0000': 710, '0001': 53, '1100': 13, '1000': 51, '0100': 62, '0010': 55, '1101': 1, '0110': 20, '0011': 6, '1111': 3, '1010': 4, '1110': 1}
    X counts: {'0101': 34, '1001': 40, '0111': 15, '1011': 14, '0000': 320, '0001': 120, '1100': 40, '1000': 99, '0100': 83, '0010': 88, '1101': 14, '0110': 44, '0011': 31, '1111': 8, '1010': 30, '1110': 20}
    score: 0.9667

==============================================

Benchmark configuration: <cudaqvqe.VQEProxy_CUDAQ object at 0x14aacecf1180>

=== Running Benchmark: VQEProxy_CUDAQ ===
Number of qubits: 5
Number of layers: 1
----------------------------------------------
Ideal Z-basis measurement distribution: {'01110': 4, '01010': 4, '11100': 4, '10010': 4, '00010': 51, '01100': 10, '10100': 2, '00011': 4, '11101': 1, '00100': 50, '00101': 5, '10001': 2, '10000': 41, '01001': 7, '00001': 54, '01000': 53, '11001': 1, '11000': 9, '00110': 3, '00000': 691}
Ideal X-basis measurement distribution: {'01011': 7, '10011': 5, '10111': 3, '00000': 279, '10010': 23, '00100': 64, '11010': 13, '10100': 22, '10101': 8, '01100': 39, '11111': 1, '00010': 83, '10110': 13, '01110': 5, '01010': 14, '01111': 6, '11110': 2, '11000': 33, '00110': 24, '11001': 10, '01000': 70, '10000': 71, '11011': 3, '11100': 11, '00111': 10, '10001': 17, '01001': 16, '00101': 26, '01101': 6, '00001': 92, '11101': 1, '00011': 23}
Ideal score: 0.9976

Noise p = 0.0
    Z counts: {'01110': 3, '01010': 2, '11100': 5, '10010': 6, '00010': 43, '01100': 6, '11010': 1, '00100': 57, '00011': 1, '00101': 3, '10001': 4, '10000': 55, '01001': 4, '00001': 52, '01111': 1, '11110': 1, '01000': 50, '11001': 1, '11000': 15, '00000': 687, '00110': 3}
    X counts: {'01011': 9, '10011': 8, '00000': 290, '10010': 18, '00100': 74, '11010': 8, '10100': 20, '10101': 8, '01100': 31, '11111': 1, '00010': 87, '10110': 13, '01110': 9, '01010': 25, '01111': 3, '11110': 5, '11000': 33, '00110': 31, '11001': 6, '01000': 30, '10000': 67, '11011': 4, '11100': 10, '00111': 13, '10001': 19, '01001': 21, '00101': 21, '01101': 11, '00001': 90, '11101': 3, '00011': 32}
    score: 0.9997

Noise p = 0.005
    Z counts: {'01010': 3, '11100': 13, '01110': 2, '10010': 5, '00010': 45, '01100': 10, '10101': 1, '11111': 1, '10100': 3, '11010': 1, '00100': 53, '00011': 5, '01101': 1, '01000': 50, '11001': 2, '11000': 13, '00101': 1, '10001': 4, '10000': 54, '01001': 3, '11011': 2, '00001': 40, '11110': 3, '00110': 3, '00000': 682}
    X counts: {'01011': 5, '00000': 263, '10010': 24, '00100': 62, '11010': 11, '10100': 16, '10101': 6, '01100': 38, '11111': 1, '00010': 76, '10011': 7, '10111': 2, '10110': 7, '01110': 11, '01010': 26, '01111': 6, '11110': 4, '11000': 30, '00110': 32, '11001': 13, '01000': 63, '10000': 70, '11100': 9, '00111': 14, '10001': 26, '01001': 20, '00101': 33, '01101': 9, '00001': 96, '11101': 1, '00011': 19}
    score: 0.9940

Noise p = 0.02
    Z counts: {'01010': 4, '11100': 14, '10110': 1, '01110': 6, '10010': 2, '00010': 58, '01100': 15, '11111': 7, '10100': 9, '11010': 1, '00100': 49, '00110': 6, '00000': 611, '10011': 1, '01101': 4, '01000': 52, '11000': 17, '00011': 4, '11101': 1, '00101': 10, '10001': 5, '10000': 60, '01001': 6, '00001': 46, '01111': 9, '11110': 2}
    X counts: {'01011': 8, '10011': 12, '10111': 3, '00000': 247, '10010': 13, '00100': 61, '11010': 10, '10100': 34, '10101': 9, '01100': 39, '11111': 2, '00010': 88, '10110': 5, '01110': 18, '01010': 19, '01111': 5, '11110': 5, '11000': 29, '00110': 25, '11001': 13, '01000': 68, '10000': 67, '11011': 3, '11100': 4, '00111': 12, '10001': 24, '01001': 26, '00101': 20, '01101': 16, '00001': 83, '11101': 5, '00011': 27}
    score: 0.9567

==============================================

	Command being timed: "python3 cudaqvqerun.py"
	User time (seconds): 215.91
	System time (seconds): 7.21
	Percent of CPU this job got: 91%
	Elapsed (wall clock) time (h:mm:ss or m:ss): 4:03.32
	Average shared text size (kbytes): 0
	Average unshared data size (kbytes): 0
	Average stack size (kbytes): 0
	Average total size (kbytes): 0
	Maximum resident set size (kbytes): 734908
	Average resident set size (kbytes): 0
	Major (requiring I/O) page faults: 1
	Minor (reclaiming a frame) page faults: 503822
	Voluntary context switches: 181568
	Involuntary context switches: 182228
	Swaps: 0
	File system inputs: 32
	File system outputs: 8
	Socket messages sent: 0
	Socket messages received: 0
	Signals delivered: 0
	Page size (bytes): 4096
	Exit status: 0
